This file contains any messages produced by compilers while
running configure, to aid debugging if configure makes a mistake.

It was created by elf2hex configure 1.0.2-6-g082bb6e, which was
generated by GNU Autoconf 2.69.  Invocation command line was

  $ ./configure --target=riscv64-unknown-linux-gnu

## --------- ##
## Platform. ##
## --------- ##

hostname = dean
uname -m = x86_64
uname -r = 4.15.0-47-generic
uname -s = Linux
uname -v = #50-Ubuntu SMP Wed Mar 13 10:44:52 UTC 2019

/usr/bin/uname -p = unknown
/bin/uname -X     = unknown

/bin/arch              = unknown
/usr/bin/arch -k       = unknown
/usr/convex/getsysinfo = unknown
/usr/bin/hostinfo      = unknown
/bin/machine           = unknown
/usr/bin/oslevel       = unknown
/bin/universe          = unknown

PATH: /home/dean/Linux-ext/riscv-gnu-toolchain/build/bin
PATH: /home/dean/bin
PATH: /home/dean/.local/bin
PATH: /usr/local/sbin
PATH: /usr/local/bin
PATH: /usr/sbin
PATH: /usr/bin
PATH: /sbin
PATH: /bin
PATH: /usr/games
PATH: /usr/local/games
PATH: /snap/bin


## ----------- ##
## Core tests. ##
## ----------- ##

configure:1794: checking build system type
configure:1808: result: x86_64-pc-linux-gnu
configure:1828: checking host system type
configure:1841: result: x86_64-pc-linux-gnu
configure:1861: checking target system type
configure:1874: result: riscv64-unknown-linux-gnu
configure:1917: checking for a BSD-compatible install
configure:1985: result: /usr/bin/install -c
configure:1996: checking whether build environment is sane
configure:2051: result: yes
configure:2202: checking for a thread-safe mkdir -p
configure:2241: result: /bin/mkdir -p
configure:2248: checking for gawk
configure:2264: found /usr/bin/gawk
configure:2275: result: gawk
configure:2286: checking whether make sets $(MAKE)
configure:2308: result: yes
configure:2337: checking whether make supports nested variables
configure:2354: result: yes
configure:2481: checking whether to enable maintainer-specific portions of Makefiles
configure:2490: result: no
configure:2539: checking for a Python interpreter with version >= 3.5
configure:2556: python -c import sys # split strings by '.' and convert to numeric. Append some zeros # because we need at least 4 digits for the hex conversion. # map returns an iterator in Python 3.0 and a list in 2.x minver = list(map(int, '3.5'.split('.'))) + [0, 0, 0] minverhex = 0 # xrange is not present in Python 3.0 and range returns an iterator for i in list(range(0, 4)): minverhex = (minverhex << 8) + minver[i] sys.exit(sys.hexversion < minverhex)
configure:2559: $? = 1
configure:2556: python2 -c import sys # split strings by '.' and convert to numeric. Append some zeros # because we need at least 4 digits for the hex conversion. # map returns an iterator in Python 3.0 and a list in 2.x minver = list(map(int, '3.5'.split('.'))) + [0, 0, 0] minverhex = 0 # xrange is not present in Python 3.0 and range returns an iterator for i in list(range(0, 4)): minverhex = (minverhex << 8) + minver[i] sys.exit(sys.hexversion < minverhex)
configure:2559: $? = 1
configure:2556: python3 -c import sys # split strings by '.' and convert to numeric. Append some zeros # because we need at least 4 digits for the hex conversion. # map returns an iterator in Python 3.0 and a list in 2.x minver = list(map(int, '3.5'.split('.'))) + [0, 0, 0] minverhex = 0 # xrange is not present in Python 3.0 and range returns an iterator for i in list(range(0, 4)): minverhex = (minverhex << 8) + minver[i] sys.exit(sys.hexversion < minverhex)
configure:2559: $? = 0
configure:2565: result: python3
configure:2573: checking for python3
configure:2591: found /usr/bin/python3
configure:2603: result: /usr/bin/python3
configure:2621: checking for python3 version
configure:2628: result: 3.6
configure:2640: checking for python3 platform
configure:2647: result: linux
configure:2673: checking for python3 script directory
configure:2708: result: ${prefix}/lib/python3.6/site-packages
configure:2717: checking for python3 extension module directory
configure:2752: result: ${exec_prefix}/lib/python3.6/site-packages
configure:2767: checking for riscv64-unknown-linux-gnu-objcopy
configure:2785: found /home/dean/Linux-ext/riscv-gnu-toolchain/build/bin/riscv64-unknown-linux-gnu-objcopy
configure:2797: result: /home/dean/Linux-ext/riscv-gnu-toolchain/build/bin/riscv64-unknown-linux-gnu-objcopy
configure:3006: checking that generated files are newer than configure
configure:3012: result: done
configure:3024: creating ./config.status

## ---------------------- ##
## Running config.status. ##
## ---------------------- ##

This file was extended by elf2hex config.status 1.0.2-6-g082bb6e, which was
generated by GNU Autoconf 2.69.  Invocation command line was

  CONFIG_FILES    = 
  CONFIG_HEADERS  = 
  CONFIG_LINKS    = 
  CONFIG_COMMANDS = 
  $ ./config.status 

on dean

config.status:768: creating Makefile

## ---------------- ##
## Cache variables. ##
## ---------------- ##

ac_cv_build=x86_64-pc-linux-gnu
ac_cv_env_PYTHON_set=
ac_cv_env_PYTHON_value=
ac_cv_env_build_alias_set=
ac_cv_env_build_alias_value=
ac_cv_env_host_alias_set=
ac_cv_env_host_alias_value=
ac_cv_env_target_alias_set=set
ac_cv_env_target_alias_value=riscv64-unknown-linux-gnu
ac_cv_host=x86_64-pc-linux-gnu
ac_cv_path_OBJCOPY=/home/dean/Linux-ext/riscv-gnu-toolchain/build/bin/riscv64-unknown-linux-gnu-objcopy
ac_cv_path_PYTHON=/usr/bin/python3
ac_cv_path_install='/usr/bin/install -c'
ac_cv_path_mkdir=/bin/mkdir
ac_cv_prog_AWK=gawk
ac_cv_prog_make_make_set=yes
ac_cv_target=riscv64-unknown-linux-gnu
am_cv_make_support_nested_variables=yes
am_cv_pathless_PYTHON=python3
am_cv_python_platform=linux
am_cv_python_pyexecdir='${exec_prefix}/lib/python3.6/site-packages'
am_cv_python_pythondir='${prefix}/lib/python3.6/site-packages'
am_cv_python_version=3.6

## ----------------- ##
## Output variables. ##
## ----------------- ##

ACLOCAL='${SHELL} /home/dean/Linux-ext/elf2hex/missing aclocal-1.15'
AMTAR='$${TAR-tar}'
AM_BACKSLASH='\'
AM_DEFAULT_V='$(AM_DEFAULT_VERBOSITY)'
AM_DEFAULT_VERBOSITY='1'
AM_V='$(V)'
AUTOCONF='${SHELL} /home/dean/Linux-ext/elf2hex/missing autoconf'
AUTOHEADER='${SHELL} /home/dean/Linux-ext/elf2hex/missing autoheader'
AUTOMAKE='${SHELL} /home/dean/Linux-ext/elf2hex/missing automake-1.15'
AWK='gawk'
CYGPATH_W='echo'
DEFS='-DPACKAGE_NAME=\"elf2hex\" -DPACKAGE_TARNAME=\"elf2hex\" -DPACKAGE_VERSION=\"1.0.2-6-g082bb6e\" -DPACKAGE_STRING=\"elf2hex\ 1.0.2-6-g082bb6e\" -DPACKAGE_BUGREPORT=\"palmer@sifive.com\" -DPACKAGE_URL=\"\" -DPACKAGE=\"elf2hex\" -DVERSION=\"1.0.2-6-g082bb6e\"'
ECHO_C=''
ECHO_N='-n'
ECHO_T=''
INSTALL_DATA='${INSTALL} -m 644'
INSTALL_PROGRAM='${INSTALL}'
INSTALL_SCRIPT='${INSTALL}'
INSTALL_STRIP_PROGRAM='$(install_sh) -c -s'
LIBOBJS=''
LIBS=''
LTLIBOBJS=''
MAINT='#'
MAINTAINER_MODE_FALSE=''
MAINTAINER_MODE_TRUE='#'
MAKEINFO='${SHELL} /home/dean/Linux-ext/elf2hex/missing makeinfo'
MKDIR_P='/bin/mkdir -p'
OBJCOPY='/home/dean/Linux-ext/riscv-gnu-toolchain/build/bin/riscv64-unknown-linux-gnu-objcopy'
PACKAGE='elf2hex'
PACKAGE_BUGREPORT='palmer@sifive.com'
PACKAGE_NAME='elf2hex'
PACKAGE_STRING='elf2hex 1.0.2-6-g082bb6e'
PACKAGE_TARNAME='elf2hex'
PACKAGE_URL=''
PACKAGE_VERSION='1.0.2-6-g082bb6e'
PATH_SEPARATOR=':'
PYTHON='/usr/bin/python3'
PYTHON_EXEC_PREFIX='${exec_prefix}'
PYTHON_PLATFORM='linux'
PYTHON_PREFIX='${prefix}'
PYTHON_VERSION='3.6'
SET_MAKE=''
SHELL='/bin/bash'
STRIP=''
VERSION='1.0.2-6-g082bb6e'
am__isrc=''
am__leading_dot='.'
am__tar='$${TAR-tar} chof - "$$tardir"'
am__untar='$${TAR-tar} xf -'
bindir='${exec_prefix}/bin'
build='x86_64-pc-linux-gnu'
build_alias=''
build_cpu='x86_64'
build_os='linux-gnu'
build_vendor='pc'
datadir='${datarootdir}'
datarootdir='${prefix}/share'
docdir='${datarootdir}/doc/${PACKAGE_TARNAME}'
dvidir='${docdir}'
exec_prefix='${prefix}'
host='x86_64-pc-linux-gnu'
host_alias=''
host_cpu='x86_64'
host_os='linux-gnu'
host_vendor='pc'
htmldir='${docdir}'
includedir='${prefix}/include'
infodir='${datarootdir}/info'
install_sh='${SHELL} /home/dean/Linux-ext/elf2hex/install-sh'
libdir='${exec_prefix}/lib'
libexecdir='${exec_prefix}/libexec'
localedir='${datarootdir}/locale'
localstatedir='${prefix}/var'
mandir='${datarootdir}/man'
mkdir_p='$(MKDIR_P)'
oldincludedir='/usr/include'
pdfdir='${docdir}'
pkgpyexecdir='${pyexecdir}/elf2hex'
pkgpythondir='${pythondir}/elf2hex'
prefix='/usr/local'
program_transform_name='s&^&riscv64-unknown-linux-gnu-&'
psdir='${docdir}'
pyexecdir='${exec_prefix}/lib/python3.6/site-packages'
pythondir='${prefix}/lib/python3.6/site-packages'
runstatedir='${localstatedir}/run'
sbindir='${exec_prefix}/sbin'
sharedstatedir='${prefix}/com'
sysconfdir='${prefix}/etc'
target='riscv64-unknown-linux-gnu'
target_alias='riscv64-unknown-linux-gnu'
target_cpu='riscv64'
target_os='linux-gnu'
target_vendor='unknown'

## ----------- ##
## confdefs.h. ##
## ----------- ##

/* confdefs.h */
#define PACKAGE_NAME "elf2hex"
#define PACKAGE_TARNAME "elf2hex"
#define PACKAGE_VERSION "1.0.2-6-g082bb6e"
#define PACKAGE_STRING "elf2hex 1.0.2-6-g082bb6e"
#define PACKAGE_BUGREPORT "palmer@sifive.com"
#define PACKAGE_URL ""
#define PACKAGE "elf2hex"
#define VERSION "1.0.2-6-g082bb6e"

configure: exit 0
